<?xml version="1.0" encoding="UTF-8"?>
<!-- Generated by org.testng.reporters.JUnitXMLReporter -->
<testsuite hostname="ARPGL001523" ignored="0" name="Default test" tests="3" failures="0" timestamp="20 Apr 2023 08:53:47 GMT" time="4.345" errors="0">
  <testcase name="testDelete" time="3.079" classname="tests.PutPatchDeleteExamples"/>
  <testcase name="testPatch" time="0.711" classname="tests.PutPatchDeleteExamples"/>
  <testcase name="testPut" time="0.523" classname="tests.PutPatchDeleteExamples"/>
</testsuite> <!-- Default test -->
