<?xml version="1.0" encoding="UTF-8"?>
<testng-results skipped="0" failed="0" ignored="0" total="3" passed="3">
  <reporter-output>
  </reporter-output>
  <suite name="Default suite" duration-ms="4345" started-at="2023-04-20T08:53:42Z" finished-at="2023-04-20T08:53:47Z">
    <groups>
    </groups>
    <test name="Default test" duration-ms="4345" started-at="2023-04-20T08:53:42Z" finished-at="2023-04-20T08:53:47Z">
      <class name="tests.PutPatchDeleteExamples">
        <test-method status="PASS" signature="testDelete()[pri:0, instance:tests.PutPatchDeleteExamples@4667ae56]" name="testDelete" duration-ms="3079" started-at="2023-04-20T08:53:42Z" finished-at="2023-04-20T08:53:45Z">
          <reporter-output>
          </reporter-output>
        </test-method> <!-- testDelete -->
        <test-method status="PASS" signature="testPatch()[pri:0, instance:tests.PutPatchDeleteExamples@4667ae56]" name="testPatch" duration-ms="711" started-at="2023-04-20T08:53:45Z" finished-at="2023-04-20T08:53:46Z">
          <reporter-output>
          </reporter-output>
        </test-method> <!-- testPatch -->
        <test-method status="PASS" signature="testPut()[pri:0, instance:tests.PutPatchDeleteExamples@4667ae56]" name="testPut" duration-ms="523" started-at="2023-04-20T08:53:46Z" finished-at="2023-04-20T08:53:47Z">
          <reporter-output>
          </reporter-output>
        </test-method> <!-- testPut -->
      </class> <!-- tests.PutPatchDeleteExamples -->
    </test> <!-- Default test -->
  </suite> <!-- Default suite -->
</testng-results>
